[backblue.gif]
[fade.gif]
[index.html]
[speedygarageservices.com/wp-json/oembed/1.0/embed2b43.json]
[speedygarageservices.com/feed/index.html]
[speedygarageservices.com/comments/feed/index.html]
[speedygarageservices.com/wp-json/oembed/1.0/embeda378]
[speedygarageservices.com/wp-includes/js/jquery/jquery.minf43b.js]
[speedygarageservices.com/wp-includes/js/jquery/jquery-migrate.min5589.js]
[speedygarageservices.com/wp-content/plugins/elementor/assets/lib/font-awesome/js/v4-shims.min9287.js]
[speedygarageservices.com/wp-content/plugins/happy-elementor-addons/assets/vendor/dom-purify/purify.min005e.js]
[speedygarageservices.com/wp-json/index.html]
[speedygarageservices.com/wp-json/wp/v2/pages/9.json]
[speedygarageservices.com/xmlrpc0db0.php]
[speedygarageservices.com/wp-content/uploads/2024/02/speedy-logo-150x150.jpg]
[speedygarageservices.com/wp-content/uploads/2024/02/speedy-logo.jpg]
[speedygarageservices.com/wp-content/uploads/2024/02/sameday2.png]
[speedygarageservices.com/wp-content/uploads/2024/02/haeder-phone-icon.png]
[speedygarageservices.com/wp-content/uploads/2024/02/list-bullet.png]
[speedygarageservices.com/wp-content/uploads/2025/04/1.png]
[speedygarageservices.com/wp-content/uploads/2025/04/2-1.png]
[speedygarageservices.com/wp-content/uploads/2025/04/3.webp]
[speedygarageservices.com/wp-content/uploads/2025/04/4-1.png]
[speedygarageservices.com/wp-content/uploads/2025/04/5-1.webp]
[speedygarageservices.com/wp-content/uploads/2025/04/6-1.png]
[speedygarageservices.com/wp-content/uploads/2025/04/7-1.webp]
[speedygarageservices.com/wp-content/uploads/2025/04/8-1.png]
[speedygarageservices.com/wp-content/uploads/2025/04/9-1.png]
[speedygarageservices.com/wp-content/uploads/2025/04/10-1.png]
[speedygarageservices.com/wp-content/uploads/2025/04/11-1.png]
[speedygarageservices.com/wp-content/uploads/2025/04/12-1.webp]
[speedygarageservices.com/wp-content/uploads/2025/04/13-1.webp]
[speedygarageservices.com/wp-content/uploads/2025/04/14.webp]
[speedygarageservices.com/wp-content/uploads/2025/04/15.webp]
[speedygarageservices.com/wp-content/uploads/2025/04/17-1.png]
[speedygarageservices.com/wp-content/uploads/2025/04/18-1.png]
[speedygarageservices.com/wp-content/uploads/2025/04/19-1.png]
[speedygarageservices.com/wp-content/uploads/2025/04/20.webp]
[speedygarageservices.com/wp-content/uploads/2025/04/21.webp]
[speedygarageservices.com/wp-content/uploads/2025/04/22-1.png]
[speedygarageservices.com/wp-content/uploads/2025/04/23-1.png]
[speedygarageservices.com/wp-content/uploads/2025/04/24-1.webp]
[speedygarageservices.com/wp-content/uploads/2025/04/25.webp]
[speedygarageservices.com/wp-content/uploads/2025/04/26-1.png]
[speedygarageservices.com/wp-content/uploads/2025/04/27-1.png]
[speedygarageservices.com/wp-content/uploads/2025/04/28-1.png]
[speedygarageservices.com/wp-content/uploads/2025/04/29-1.png]
[speedygarageservices.com/wp-content/uploads/2025/04/32.png]
[speedygarageservices.com/wp-content/uploads/2025/04/34-scaled.jpg]
[speedygarageservices.com/wp-content/uploads/2024/03/WITH-ANY-BROKEN-SPRING-REPLACEMENT.jpg]
[speedygarageservices.com/wp-content/uploads/2024/03/ANY-GARAGE-DOOR-REPAIR.jpg]
[speedygarageservices.com/wp-content/uploads/2024/03/NEW-OPENER-INSTALLATION-REPAIR.jpg]
[speedygarageservices.com/wp-content/uploads/2024/03/NEW-GARAGE-DOOR-INSTALLAT.jpg]
[speedygarageservices.com/wp-content/uploads/2024/03/BROKEN-SPRING-REPAIR.jpg]
[speedygarageservices.com/wp-content/uploads/2024/03/OPENER-REPAIR-INSTALLATION.jpg]
[speedygarageservices.com/wp-content/uploads/2024/03/DOOR-OFF-TRACK.jpg]
[speedygarageservices.com/wp-content/uploads/2024/03/BROKEN-CABLE-REPAIR.jpg]
[speedygarageservices.com/wp-content/uploads/2024/03/NEW-DOOR-INSTALLATION.jpg]
[speedygarageservices.com/wp-content/uploads/2024/03/DOOR-MAINTENANCE.jpg]
[speedygarageservices.com/wp-content/uploads/2024/03/REMOTE-REPAIR-PROGRAM-1.jpg]
[speedygarageservices.com/wp-content/uploads/2024/03/GARAGE-DOOR-ROLLER-REPAIR.jpg]
[speedygarageservices.com/wp-content/uploads/2024/02/Repair-Services-inne.png]
[speedygarageservices.com/wp-content/uploads/2024/02/call-us-banner-2-1024x156.jpg]
[speedygarageservices.com/wp-content/uploads/2024/02/pencil.png]
[speedygarageservices.com/wp-content/uploads/2024/02/worker.png]
[speedygarageservices.com/wp-content/uploads/2024/02/premium.png]
[speedygarageservices.com/wp-content/uploads/2024/02/bankrupt.png]
[speedygarageservices.com/wp-content/uploads/2024/03/logo11.png]
[speedygarageservices.com/wp-content/uploads/2024/03/logo10.png]
[speedygarageservices.com/wp-content/uploads/2024/03/logo3.png]
[speedygarageservices.com/wp-content/uploads/2024/03/logo4.png]
[speedygarageservices.com/wp-content/uploads/2024/03/logo5.png]
[speedygarageservices.com/wp-content/uploads/2024/03/logo6.png]
[speedygarageservices.com/wp-content/uploads/2024/03/logo7.png]
[speedygarageservices.com/wp-content/uploads/2024/03/logo8.png]
[speedygarageservices.com/wp-content/uploads/2024/03/logo9.png]
[speedygarageservices.com/wp-content/uploads/2024/03/logo2.png]
[speedygarageservices.com/wp-content/uploads/2024/03/logo1.png]
[speedygarageservices.com/wp-content/themes/astra/assets/js/minified/frontend.min4641.js]
[speedygarageservices.com/wp-content/plugins/metform/public/assets/lib/cute-alert/cute-alert8603.js]
[speedygarageservices.com/wp-content/plugins/elementor/assets/js/webpack.runtime.min9287.js]
[speedygarageservices.com/wp-content/plugins/elementor/assets/js/frontend-modules.min9287.js]
[speedygarageservices.com/wp-includes/js/jquery/ui/core.minb37e.js]
[speedygarageservices.com/wp-content/plugins/elementor/assets/js/frontend.min9287.js]
[speedygarageservices.com/wp-content/plugins/elementor-pro/assets/lib/smartmenus/jquery.smartmenus.min1576.js]
[speedygarageservices.com/wp-content/plugins/elementor-pro/assets/lib/sticky/jquery.sticky.min8e60.js]
[speedygarageservices.com/wp-content/plugins/metform/public/assets/js/htm8603.js]
[speedygarageservices.com/wp-includes/js/dist/vendor/react.mine1ab.js]
[speedygarageservices.com/wp-includes/js/dist/vendor/react-dom.mine1ab.js]
[speedygarageservices.com/wp-includes/js/dist/escape-html.min3a9d.js]
[speedygarageservices.com/wp-includes/js/dist/element.min8eb0.js]
[speedygarageservices.com/wp-content/plugins/metform/public/assets/js/app8603.js]
[speedygarageservices.com/wp-content/plugins/happy-elementor-addons/assets/js/happy-addons.min78fb.js]
[speedygarageservices.com/wp-content/plugins/elementskit-lite/libs/framework/assets/js/frontend-scriptf6c4.js]
[speedygarageservices.com/wp-content/plugins/elementskit-lite/widgets/init/assets/js/widget-scriptsf6c4.js]
[speedygarageservices.com/wp-content/plugins/happy-elementor-addons/assets/js/extension-reading-progress-bar.min78fb.js]
[speedygarageservices.com/wp-content/plugins/essential-addons-for-elementor-lite/assets/front-end/js/view/general.min5c45.js]
[speedygarageservices.com/wp-content/plugins/happy-elementor-addons/assets/vendor/slick/slick.min78fb.js]
[speedygarageservices.com/wp-content/plugins/elementor/assets/lib/swiper/v8/swiper.min94a4.js]
[speedygarageservices.com/wp-content/plugins/elementor-pro/assets/js/webpack-pro.runtime.min8e60.js]
[speedygarageservices.com/wp-includes/js/dist/hooks.minaf5f.js]
[speedygarageservices.com/wp-includes/js/dist/i18n.min1cde.js]
[speedygarageservices.com/wp-content/plugins/elementor-pro/assets/js/frontend.min8e60.js]
[speedygarageservices.com/wp-content/plugins/elementor-pro/assets/js/elements-handlers.min8e60.js]
[speedygarageservices.com/wp-content/plugins/jet-elements/assets/js/jet-elements.minbb9d.js]
[speedygarageservices.com/wp-content/plugins/elementskit-lite/widgets/init/assets/js/animate-circle.minf6c4.js]
[speedygarageservices.com/wp-content/plugins/elementskit-lite/widgets/init/assets/js/elementorf6c4.js]
[speedygarageservices.com/index.html]
[gmpg.org/xfn/11.html]
[code.tidio.co/index.html]
[speedygarageservices.com/wp-content/uploads/2024/03/01.jpg]
[speedygarageservices.com/wp-json/oembed/1.0/embedd580.json]
[speedygarageservices.com/wp-json/oembed/1.0/embed75fd]
[speedygarageservices.com/wp-json/wp/v2/pages/907.json]
[speedygarageservices.com/wp-content/uploads/2024/02/mechanic.png]
[speedygarageservices.com/wp-content/uploads/2024/02/garage-2.png]
[speedygarageservices.com/wp-content/uploads/2024/02/garage-1.png]
[speedygarageservices.com/wp-content/uploads/2024/02/wd.png]
[speedygarageservices.com/wp-content/uploads/2024/02/liftmaster.png]
[speedygarageservices.com/wp-content/uploads/2024/02/haas.png]
[speedygarageservices.com/wp-content/uploads/2024/02/craftsman.png]
[speedygarageservices.com/wp-content/uploads/2024/02/general.png]
[speedygarageservices.com/wp-content/uploads/2024/02/richards.png]
[speedygarageservices.com/about-us/index.html]
[speedygarageservices.com/wp-content/uploads/2024/03/01-3.jpg]
[speedygarageservices.com/wp-json/oembed/1.0/embedbfe3.json]
[speedygarageservices.com/wp-json/oembed/1.0/embed8b13]
[speedygarageservices.com/wp-json/wp/v2/pages/32.json]
[speedygarageservices.com/wp-content/uploads/2024/03/02-2.jpg]
[speedygarageservices.com/wp-content/uploads/2024/03/03.jpg]
[speedygarageservices.com/wp-content/uploads/2024/03/04.jpg]
[speedygarageservices.com/broken-spring-repair/index.html]
[speedygarageservices.com/wp-content/uploads/2024/03/01-4.jpg]
[speedygarageservices.com/wp-json/oembed/1.0/embed9b6c.json]
[speedygarageservices.com/wp-json/oembed/1.0/embed007b]
[speedygarageservices.com/wp-json/wp/v2/pages/298.json]
[speedygarageservices.com/wp-content/uploads/2024/03/02-3.jpg]
[speedygarageservices.com/wp-content/uploads/2024/03/03-1.jpg]
[speedygarageservices.com/wp-content/uploads/2024/03/04-1.jpg]
[speedygarageservices.com/openers-repair-installation/index.html]
[speedygarageservices.com/wp-content/uploads/2024/03/01-5.jpg]
[speedygarageservices.com/wp-json/oembed/1.0/embed9e2e.json]
[speedygarageservices.com/wp-json/oembed/1.0/embedc175]
[speedygarageservices.com/wp-json/wp/v2/pages/307.json]
[speedygarageservices.com/wp-content/uploads/2024/03/2.jpg]
[speedygarageservices.com/wp-content/uploads/2024/03/03-2.jpg]
[speedygarageservices.com/wp-content/uploads/2024/03/04-2.jpg]
[speedygarageservices.com/door-off-track/index.html]
[speedygarageservices.com/wp-content/uploads/2024/03/01-7.jpg]
[speedygarageservices.com/wp-json/oembed/1.0/embed4c3a.json]
[speedygarageservices.com/wp-json/oembed/1.0/embed88d3]
[speedygarageservices.com/wp-json/wp/v2/pages/337.json]
[speedygarageservices.com/wp-content/uploads/2024/03/02-5.jpg]
[speedygarageservices.com/wp-content/uploads/2024/03/03-4.jpg]
[speedygarageservices.com/wp-content/uploads/2024/03/04-4.jpg]
[speedygarageservices.com/broken-cable-repair/index.html]
[speedygarageservices.com/wp-content/uploads/2024/03/01-6.jpg]
[speedygarageservices.com/wp-json/oembed/1.0/embed804d.json]
[speedygarageservices.com/wp-json/oembed/1.0/embed897f]
[speedygarageservices.com/wp-json/wp/v2/pages/348.json]
[speedygarageservices.com/wp-content/uploads/2024/03/02-4.jpg]
[speedygarageservices.com/wp-content/uploads/2024/03/03-3.jpg]
[speedygarageservices.com/wp-content/uploads/2024/03/04-3.jpg]
[speedygarageservices.com/new-door-installation/index.html]
[speedygarageservices.com/wp-content/uploads/2024/03/01-8.jpg]
[speedygarageservices.com/wp-json/oembed/1.0/embed325a.json]
[speedygarageservices.com/wp-json/oembed/1.0/embed9443]
[speedygarageservices.com/wp-json/wp/v2/pages/362.json]
[speedygarageservices.com/wp-content/uploads/2024/03/02-6.jpg]
[speedygarageservices.com/wp-content/uploads/2024/03/03-5.jpg]
[speedygarageservices.com/wp-content/uploads/2024/03/04-5.jpg]
[speedygarageservices.com/door-maintenance/index.html]
[speedygarageservices.com/wp-content/uploads/2024/03/01-9.jpg]
[speedygarageservices.com/wp-json/oembed/1.0/embed4475.json]
[speedygarageservices.com/wp-json/oembed/1.0/embed4d67]
[speedygarageservices.com/wp-json/wp/v2/pages/423.json]
[speedygarageservices.com/wp-content/uploads/2024/03/02-7.jpg]
[speedygarageservices.com/wp-content/uploads/2024/03/03-6.jpg]
[speedygarageservices.com/wp-content/uploads/2024/03/04-6.jpg]
[speedygarageservices.com/remote-repair-installation/index.html]
[speedygarageservices.com/wp-content/uploads/2024/03/01-10.jpg]
[speedygarageservices.com/wp-json/oembed/1.0/embed576e.json]
[speedygarageservices.com/wp-json/oembed/1.0/embed57ce]
[speedygarageservices.com/wp-json/wp/v2/pages/378.json]
[speedygarageservices.com/wp-content/uploads/2024/03/02-8.jpg]
[speedygarageservices.com/wp-content/uploads/2024/03/03-7.jpg]
[speedygarageservices.com/wp-content/uploads/2024/03/04-7.jpg]
[speedygarageservices.com/garage-door-roller-repair/index.html]
[speedygarageservices.com/wp-content/uploads/2024/02/LiftMaster-removebg-preview.png]
[speedygarageservices.com/wp-json/oembed/1.0/embed2452.json]
[speedygarageservices.com/wp-json/oembed/1.0/embedf6fc]
[speedygarageservices.com/wp-json/wp/v2/pages/710.json]
[speedygarageservices.com/wp-content/uploads/2024/02/index1.jpg]
[speedygarageservices.com/wp-content/uploads/2024/02/logo.png]
[speedygarageservices.com/wp-content/uploads/2024/02/logo1.png]
[speedygarageservices.com/wp-content/uploads/2024/02/logo2.png]
[speedygarageservices.com/wp-content/uploads/2024/02/logo9.png]
[speedygarageservices.com/wp-content/uploads/2024/02/logo8.png]
[speedygarageservices.com/wp-content/uploads/2024/02/logo7.png]
[speedygarageservices.com/wp-content/uploads/2024/02/logo6.png]
[speedygarageservices.com/wp-content/uploads/2024/02/logo5.png]
[speedygarageservices.com/wp-content/uploads/2024/02/logo4.png]
[speedygarageservices.com/wp-content/uploads/2024/02/logo3.png]
[speedygarageservices.com/wp-content/uploads/2024/02/logo10.png]
[speedygarageservices.com/wp-content/uploads/2024/02/logo11.png]
[speedygarageservices.com/belchertown-ma/index.html]
[speedygarageservices.com/wp-json/oembed/1.0/embedf7c2.json]
[speedygarageservices.com/wp-json/oembed/1.0/embed2272]
[speedygarageservices.com/wp-json/wp/v2/pages/758.json]
[speedygarageservices.com/longmeadow-ma/index.html]
[speedygarageservices.com/wp-json/oembed/1.0/embeda250.json]
[speedygarageservices.com/wp-json/oembed/1.0/embed14ee]
[speedygarageservices.com/wp-json/wp/v2/pages/775.json]
[speedygarageservices.com/springfield-ma/index.html]
[speedygarageservices.com/wp-json/oembed/1.0/embed07e3.json]
[speedygarageservices.com/wp-json/oembed/1.0/embedbd81]
[speedygarageservices.com/wp-json/wp/v2/pages/785.json]
[speedygarageservices.com/chicopee-ma/index.html]
[speedygarageservices.com/wp-json/oembed/1.0/embedbec2.json]
[speedygarageservices.com/wp-json/oembed/1.0/embed9482]
[speedygarageservices.com/wp-json/wp/v2/pages/791.json]
[speedygarageservices.com/agawam-ma/index.html]
[speedygarageservices.com/wp-json/oembed/1.0/embed17a0.json]
[speedygarageservices.com/wp-json/oembed/1.0/embed30c2]
[speedygarageservices.com/wp-json/wp/v2/pages/800.json]
[speedygarageservices.com/southwick-ma/index.html]
[speedygarageservices.com/wp-json/oembed/1.0/embed0ec5.json]
[speedygarageservices.com/wp-json/oembed/1.0/embedef0f]
[speedygarageservices.com/wp-json/wp/v2/pages/1162.json]
[speedygarageservices.com/easthampton-ma/index.html]
[speedygarageservices.com/wp-json/oembed/1.0/embed573f.json]
[speedygarageservices.com/wp-json/oembed/1.0/embed47b9]
[speedygarageservices.com/wp-json/wp/v2/pages/805.json]
[speedygarageservices.com/enfield-ct/index.html]
[speedygarageservices.com/wp-json/oembed/1.0/embedf519.json]
[speedygarageservices.com/wp-json/oembed/1.0/embed4ee1]
[speedygarageservices.com/wp-json/wp/v2/pages/811.json]
[speedygarageservices.com/suffield-ct/index.html]
[speedygarageservices.com/wp-json/oembed/1.0/embedb5eb.json]
[speedygarageservices.com/wp-json/oembed/1.0/embedcf37]
[speedygarageservices.com/wp-json/wp/v2/pages/816.json]
[speedygarageservices.com/somers-ct/index.html]
[speedygarageservices.com/wp-json/oembed/1.0/embedeb54.json]
[speedygarageservices.com/wp-json/oembed/1.0/embedca40]
[speedygarageservices.com/wp-json/wp/v2/pages/823.json]
[speedygarageservices.com/simsbury-ct/index.html]
[speedygarageservices.com/wp-json/oembed/1.0/embedcfda.json]
[speedygarageservices.com/wp-json/oembed/1.0/embed284f]
[speedygarageservices.com/wp-json/wp/v2/pages/829.json]
[speedygarageservices.com/east-windsor-ct/index.html]
[speedygarageservices.com/wp-json/oembed/1.0/embed5437.json]
[speedygarageservices.com/wp-json/oembed/1.0/embed50e4]
[speedygarageservices.com/wp-json/wp/v2/pages/837.json]
[speedygarageservices.com/bloomfield-ct/index.html]
[speedygarageservices.com/wp-content/uploads/elementor/thumbs/01-1-qksu6k5ft1k0m91vffcmogbgvac86xz0nwvjv0pkhs.jpg]
[speedygarageservices.com/wp-json/oembed/1.0/embed8923.json]
[speedygarageservices.com/wp-json/oembed/1.0/embed8de9]
[speedygarageservices.com/wp-json/wp/v2/pages/930.json]
[speedygarageservices.com/wp-content/uploads/elementor/thumbs/01-1-qksu6k5ft1k0m91vffcmogbgvac86xz0nwvk3aeetk.jpg]
[speedygarageservices.com/wp-content/uploads/2024/03/02.jpg]
[speedygarageservices.com/residential/index.html]
[speedygarageservices.com/wp-content/uploads/2024/03/01-2.jpg]
[speedygarageservices.com/wp-json/oembed/1.0/embed9573.json]
[speedygarageservices.com/wp-json/oembed/1.0/embed6e65]
[speedygarageservices.com/wp-json/wp/v2/pages/940.json]
[speedygarageservices.com/wp-content/uploads/2024/03/02-1.jpg]
[speedygarageservices.com/commercial/index.html]
[speedygarageservices.com/wp-json/metform/v1/entries/insert/125.json]
[speedygarageservices.com/wp-json/oembed/1.0/embed9f62.json]
[speedygarageservices.com/wp-json/oembed/1.0/embedf279]
[speedygarageservices.com/wp-json/wp/v2/pages/1226.json]
[speedygarageservices.com/east-longmeadow-ma/index.html]
[speedygarageservices.com/wp-json/oembed/1.0/embed3f21.json]
[speedygarageservices.com/wp-json/oembed/1.0/embedd356]
[speedygarageservices.com/wp-json/wp/v2/pages/1244.json]
[speedygarageservices.com/west-springfield-ma/index.html]
[speedygarageservices.com/wp-json/oembed/1.0/embed1088.json]
[speedygarageservices.com/wp-json/oembed/1.0/embed3a59]
[speedygarageservices.com/wp-json/wp/v2/pages/1250.json]
[speedygarageservices.com/hampden-ma/index.html]
[speedygarageservices.com/wp-json/oembed/1.0/embed7e70.json]
[speedygarageservices.com/wp-json/oembed/1.0/embedc6b3]
[speedygarageservices.com/wp-json/wp/v2/pages/1259.json]
[speedygarageservices.com/feeding-hills-ma/index.html]
[speedygarageservices.com/wp-json/oembed/1.0/embed6182.json]
[speedygarageservices.com/wp-json/oembed/1.0/embed79af]
[speedygarageservices.com/wp-json/wp/v2/pages/1266.json]
[speedygarageservices.com/westfield-ma/index.html]
[speedygarageservices.com/wp-json/oembed/1.0/embed65a9.json]
[speedygarageservices.com/wp-json/oembed/1.0/embed8cf2]
[speedygarageservices.com/wp-json/wp/v2/pages/1272.json]
[speedygarageservices.com/south-hadley-ma/index.html]
[speedygarageservices.com/wp-json/oembed/1.0/embeda9df.json]
[speedygarageservices.com/wp-json/oembed/1.0/embedff9a]
[speedygarageservices.com/wp-json/wp/v2/pages/1285.json]
[speedygarageservices.com/northampton-ma/index.html]
[speedygarageservices.com/wp-json/oembed/1.0/embed48b0.json]
[speedygarageservices.com/wp-json/oembed/1.0/embed2f1e]
[speedygarageservices.com/wp-json/wp/v2/pages/1291.json]
[speedygarageservices.com/hatfield-ma/index.html]
[speedygarageservices.com/wp-json/oembed/1.0/embed45fe.json]
[speedygarageservices.com/wp-json/oembed/1.0/embedcbf8]
[speedygarageservices.com/wp-json/wp/v2/pages/1299.json]
[speedygarageservices.com/deerfield-ma/index.html]
[speedygarageservices.com/wp-json/oembed/1.0/embedf308.json]
[speedygarageservices.com/wp-json/oembed/1.0/embedf6a6]
[speedygarageservices.com/wp-json/wp/v2/pages/1306.json]
[speedygarageservices.com/granby-ct/index.html]
[gmpg.org/xfn/.html]
[gmpg.org/xfn/intro.html]
[gmpg.org/xfn/faq.html]
[speedygarageservices.com/indexa5c3.html]
[speedygarageservices.com/index6c46.html]
[speedygarageservices.com/indexba86.html]
[speedygarageservices.com/index2915.html]
[speedygarageservices.com/indexf6a9.html]
[speedygarageservices.com/index2206.html]
[speedygarageservices.com/indexe4db.html]
[speedygarageservices.com/indexb351.html]
[speedygarageservices.com/indexe8d3.html]
[speedygarageservices.com/index37c3.html]
[speedygarageservices.com/indexd4c3.html]
[speedygarageservices.com/index6289.html]
[speedygarageservices.com/index6996.html]
[speedygarageservices.com/index106b.html]
[speedygarageservices.com/indexcb2d.html]
[speedygarageservices.com/index7065.html]
[speedygarageservices.com/index028e.html]
[speedygarageservices.com/index2ec5.html]
[speedygarageservices.com/indexe5c7.html]
[speedygarageservices.com/index3239.html]
[speedygarageservices.com/indexf9af.html]
[speedygarageservices.com/index0c04.html]
[speedygarageservices.com/index3177.html]
[speedygarageservices.com/wp-content/uploads/elementor/thumbs/repairs1-1-qkfe6qcvlzndvs4tcdpvfsmync61trl23z1v6evrlq.jpg]
[speedygarageservices.com/wp-json/oembed/1.0/embed3c1a.json]
[speedygarageservices.com/wp-json/oembed/1.0/embed33bd]
[speedygarageservices.com/wp-json/wp/v2/pages/972.json]
[speedygarageservices.com/wp-content/uploads/elementor/thumbs/repairs1-1-qkfe6qcvlzndvs4tcdpvfsmync61trl23z1v6evslk.jpg]
[speedygarageservices.com/wp-content/uploads/2024/02/IMG_2630-3.jpg]
[speedygarageservices.com/repairs/index.html]
[speedygarageservices.com/indexb253.html]
[speedygarageservices.com/indexa5f9.html]
[speedygarageservices.com/index7c4a.html]
[speedygarageservices.com/indexbbee.html]
[speedygarageservices.com/index3e59.html]
[speedygarageservices.com/index80a2.html]
[speedygarageservices.com/index0916.html]
[speedygarageservices.com/index78a2.html]
[speedygarageservices.com/index3c2a.html]
[speedygarageservices.com/indexd201.html]
[speedygarageservices.com/indexc474.html]
[speedygarageservices.com/indexf843.html]
[speedygarageservices.com/wp-content/themes/astra/assets/css/minified/main.min4641.css]
[speedygarageservices.com/wp-content/plugins/premium-addons-for-elementor/assets/frontend/min-css/premium-addons.min7015.css]
[speedygarageservices.com/wp-json/index.html]
[speedygarageservices.com/wp-json/wp/v2/pages/9.json]
[speedygarageservices.com/xmlrpc0db0.php]
[speedygarageservices.com/wp-content/plugins/metform/public/assets/lib/cute-alert/style8603.css]
[speedygarageservices.com/wp-content/plugins/metform/public/assets/css/text-editor8603.css]
[speedygarageservices.com/wp-content/plugins/elementor/assets/css/frontend.min9287.css]
[speedygarageservices.com/wp-content/plugins/elementor/assets/css/widget-image.min9287.css]
[speedygarageservices.com/wp-content/plugins/elementor/assets/css/widget-image-box.min9287.css]
[speedygarageservices.com/wp-content/plugins/elementor-pro/assets/css/widget-nav-menu.min8e60.css]
[speedygarageservices.com/wp-content/plugins/elementor-pro/assets/css/modules/sticky.min8e60.css]
[speedygarageservices.com/wp-content/plugins/elementor/assets/css/widget-heading.min9287.css]
[speedygarageservices.com/wp-content/plugins/elementor/assets/css/widget-spacer.min9287.css]
[speedygarageservices.com/wp-content/plugins/elementor/assets/css/widget-icon-list.min9287.css]
[speedygarageservices.com/wp-content/uploads/elementor/css/post-83401.css]
[speedygarageservices.com/wp-content/plugins/elementor/assets/lib/font-awesome/webfonts/fa-brands-400.eot]
[speedygarageservices.com/wp-content/plugins/elementor/assets/lib/font-awesome/webfonts/fa-brands-400d41d.eot]
[speedygarageservices.com/wp-content/plugins/elementor/assets/lib/font-awesome/webfonts/fa-brands-400.woff2]
[speedygarageservices.com/wp-content/plugins/elementor/assets/lib/font-awesome/webfonts/fa-brands-400.woff]
[speedygarageservices.com/wp-content/plugins/elementor/assets/lib/font-awesome/webfonts/fa-brands-400.ttf]
[speedygarageservices.com/wp-content/plugins/elementor/assets/lib/font-awesome/webfonts/fa-regular-400.eot]
[speedygarageservices.com/wp-content/plugins/elementor/assets/lib/font-awesome/webfonts/fa-regular-400d41d.eot]
[speedygarageservices.com/wp-content/plugins/elementor/assets/lib/font-awesome/webfonts/fa-regular-400.woff2]
[speedygarageservices.com/wp-content/plugins/elementor/assets/lib/font-awesome/webfonts/fa-regular-400.woff]
[speedygarageservices.com/wp-content/plugins/elementor/assets/lib/font-awesome/webfonts/fa-regular-400.ttf]
[speedygarageservices.com/wp-content/plugins/elementor/assets/lib/font-awesome/webfonts/fa-solid-900.eot]
[speedygarageservices.com/wp-content/plugins/elementor/assets/lib/font-awesome/webfonts/fa-solid-900d41d.eot]
[speedygarageservices.com/wp-content/plugins/elementor/assets/lib/font-awesome/webfonts/fa-solid-900.woff2]
[speedygarageservices.com/wp-content/plugins/elementor/assets/lib/font-awesome/webfonts/fa-solid-900.woff]
[speedygarageservices.com/wp-content/plugins/elementor/assets/lib/font-awesome/webfonts/fa-solid-900.ttf]
[speedygarageservices.com/wp-content/plugins/elementor/assets/lib/font-awesome/css/all.min7015.css]
[speedygarageservices.com/wp-content/plugins/elementor/assets/lib/font-awesome/css/v4-shims.min9287.css]
[speedygarageservices.com/wp-content/plugins/metform/public/assets/css/metform-ui8603.css]
[speedygarageservices.com/wp-content/plugins/metform/public/assets/css/style8603.css]
[speedygarageservices.com/wp-content/plugins/elementor/assets/css/widget-divider.min9287.css]
[speedygarageservices.com/wp-content/uploads/2024/03/header.jpg]
[speedygarageservices.com/wp-content/uploads/elementor/css/post-99ef1.css]
[speedygarageservices.com/wp-content/uploads/elementor/css/post-113401.css]
[speedygarageservices.com/wp-content/plugins/happy-elementor-addons/assets/fonts/happy-icons.woff2]
[speedygarageservices.com/wp-content/plugins/happy-elementor-addons/assets/fonts/happy-icons.woff]
[speedygarageservices.com/wp-content/plugins/happy-elementor-addons/assets/fonts/style.min78fb.css]
[speedygarageservices.com/wp-content/plugins/elementor/assets/lib/font-awesome/fonts/fontawesome-webfont3e6e.eot]
[speedygarageservices.com/wp-content/plugins/elementor/assets/lib/font-awesome/fonts/fontawesome-webfontd41d.eot]
[speedygarageservices.com/wp-content/plugins/elementor/assets/lib/font-awesome/fonts/fontawesome-webfont3e6e.woff2]
[speedygarageservices.com/wp-content/plugins/elementor/assets/lib/font-awesome/fonts/fontawesome-webfont3e6e.woff]
[speedygarageservices.com/wp-content/plugins/elementor/assets/lib/font-awesome/fonts/fontawesome-webfont3e6e.ttf]
[speedygarageservices.com/wp-content/plugins/elementor/assets/lib/font-awesome/css/font-awesome.min1849.css]
[speedygarageservices.com/wp-content/uploads/elementor/css/post-13153401.css]
[speedygarageservices.com/wp-json/oembed/1.0/embedd580.json]
[speedygarageservices.com/wp-content/plugins/elementskit-lite/widgets/init/assets/img/arrow.png]
[speedygarageservices.com/wp-json/oembed/1.0/embed75fd]
[speedygarageservices.com/wp-content/plugins/elementskit-lite/widgets/init/assets/img/sort_asc.png]
[speedygarageservices.com/wp-json/wp/v2/pages/907.json]
[speedygarageservices.com/wp-content/plugins/elementskit-lite/widgets/init/assets/img/sort_desc.png]
[speedygarageservices.com/wp-content/plugins/elementskit-lite/widgets/init/assets/img/sort_asc_disabled.png]
[speedygarageservices.com/wp-content/plugins/elementskit-lite/widgets/init/assets/css/widget-stylesf6c4.css]
[speedygarageservices.com/wp-content/plugins/elementskit-lite/widgets/init/assets/css/responsivef6c4.css]
[speedygarageservices.com/wp-content/plugins/essential-addons-for-elementor-lite/assets/front-end/css/view/general.min5c45.css]
[speedygarageservices.com/wp-json/oembed/1.0/embedbfe3.json]
[speedygarageservices.com/wp-content/plugins/happy-elementor-addons/assets/vendor/slick/slick78fb.css]
[speedygarageservices.com/wp-json/wp/v2/pages/32.json]
[speedygarageservices.com/wp-json/oembed/1.0/embed8b13]
[speedygarageservices.com/wp-content/plugins/happy-elementor-addons/assets/vendor/slick/ajax-loader.gif]
[speedygarageservices.com/wp-content/plugins/happy-elementor-addons/assets/vendor/slick/fonts/slick.eot]
[speedygarageservices.com/wp-content/plugins/happy-elementor-addons/assets/vendor/slick/fonts/slickd41d.eot]
[speedygarageservices.com/wp-json/oembed/1.0/embed9b6c.json]
[speedygarageservices.com/wp-content/plugins/happy-elementor-addons/assets/vendor/slick/fonts/slick.woff]
[speedygarageservices.com/wp-json/oembed/1.0/embed007b]
[speedygarageservices.com/wp-content/plugins/happy-elementor-addons/assets/vendor/slick/fonts/slick.ttf]
[speedygarageservices.com/wp-json/wp/v2/pages/298.json]
[speedygarageservices.com/wp-content/plugins/happy-elementor-addons/assets/vendor/slick/slick-theme78fb.css]
[speedygarageservices.com/wp-content/uploads/happyaddons/css/ha-96e03.css]
[speedygarageservices.com/wp-content/uploads/elementor/google-fonts/fonts/roboto-aa47213c.woff2]
[speedygarageservices.com/wp-json/oembed/1.0/embed9e2e.json]
[speedygarageservices.com/wp-json/oembed/1.0/embedc175]
[speedygarageservices.com/wp-json/wp/v2/pages/307.json]
[speedygarageservices.com/wp-content/uploads/elementor/google-fonts/fonts/roboto-60dc2a88.woff2]
[speedygarageservices.com/wp-content/uploads/elementor/google-fonts/fonts/roboto-88769a1e.woff2]
[speedygarageservices.com/wp-content/uploads/elementor/google-fonts/fonts/roboto-0585f5a7.woff2]
[speedygarageservices.com/wp-json/oembed/1.0/embed4c3a.json]
[speedygarageservices.com/wp-content/uploads/elementor/google-fonts/fonts/roboto-244686ad.woff2]
[speedygarageservices.com/wp-json/wp/v2/pages/337.json]
[speedygarageservices.com/wp-json/oembed/1.0/embed88d3]
[speedygarageservices.com/wp-content/uploads/elementor/google-fonts/fonts/roboto-58e5057a.woff2]
[speedygarageservices.com/wp-content/uploads/elementor/google-fonts/fonts/roboto-c012394d.woff2]
[speedygarageservices.com/wp-content/uploads/elementor/google-fonts/fonts/roboto-b8c55b0e.woff2]
[speedygarageservices.com/wp-content/uploads/elementor/google-fonts/fonts/roboto-6fa0783f.woff2]
[speedygarageservices.com/wp-content/uploads/elementor/google-fonts/fonts/roboto-1dba1bc2.woff2]
[speedygarageservices.com/wp-json/oembed/1.0/embed804d.json]
[speedygarageservices.com/wp-content/uploads/elementor/google-fonts/fonts/roboto-c4482425.woff2]
[speedygarageservices.com/wp-json/oembed/1.0/embed897f]
[speedygarageservices.com/wp-content/uploads/elementor/google-fonts/fonts/roboto-a1dc56af.woff2]
[speedygarageservices.com/wp-json/wp/v2/pages/348.json]
[speedygarageservices.com/wp-content/uploads/elementor/google-fonts/fonts/roboto-20c48c4e.woff2]
[speedygarageservices.com/wp-content/uploads/elementor/google-fonts/fonts/roboto-3603e9b2.woff2]
[speedygarageservices.com/wp-content/uploads/elementor/google-fonts/fonts/roboto-31b09f96.woff2]
[speedygarageservices.com/wp-content/uploads/elementor/google-fonts/fonts/roboto-bf5e5259.woff2]
[speedygarageservices.com/wp-json/oembed/1.0/embed325a.json]
[speedygarageservices.com/wp-json/oembed/1.0/embed9443]
[speedygarageservices.com/wp-content/uploads/elementor/google-fonts/fonts/roboto-41d25e69.woff2]
[speedygarageservices.com/wp-content/uploads/elementor/google-fonts/fonts/roboto-fb5169d9.woff2]
[speedygarageservices.com/wp-json/wp/v2/pages/362.json]
[speedygarageservices.com/wp-content/uploads/elementor/google-fonts/css/robotocdb2.css]
[speedygarageservices.com/wp-json/oembed/1.0/embed4475.json]
[speedygarageservices.com/wp-content/uploads/elementor/google-fonts/fonts/robotoslab-83dfed57.1a1.delayed]
[speedygarageservices.com/wp-json/oembed/1.0/embed4d67]
[speedygarageservices.com/wp-content/uploads/elementor/google-fonts/fonts/robotoslab-f7c1acf8.woff2]
[speedygarageservices.com/wp-json/wp/v2/pages/423.json]
[speedygarageservices.com/wp-content/uploads/elementor/google-fonts/fonts/robotoslab-f5125d80.woff2]
[speedygarageservices.com/wp-content/uploads/elementor/google-fonts/fonts/robotoslab-7335a6ac.woff2]
[speedygarageservices.com/wp-content/uploads/elementor/google-fonts/fonts/robotoslab-a3e20834.woff2]
[speedygarageservices.com/wp-json/oembed/1.0/embed576e.json]
[speedygarageservices.com/wp-content/uploads/elementor/google-fonts/fonts/robotoslab-ecf35e38.woff2]
[speedygarageservices.com/wp-json/oembed/1.0/embed57ce]
[speedygarageservices.com/wp-content/uploads/elementor/google-fonts/fonts/robotoslab-09b550e6.woff2]
[speedygarageservices.com/wp-content/uploads/elementor/google-fonts/css/robotoslab4298.css]
[speedygarageservices.com/wp-json/wp/v2/pages/378.json]
[speedygarageservices.com/wp-content/uploads/elementor/google-fonts/fonts/montserrat-c6284e6c.woff2]
[speedygarageservices.com/wp-json/oembed/1.0/embed2452.json]
[speedygarageservices.com/wp-json/oembed/1.0/embedf6fc]
[speedygarageservices.com/wp-content/uploads/elementor/google-fonts/fonts/montserrat-2c476a6c.woff2]
[speedygarageservices.com/wp-json/wp/v2/pages/710.json]
[speedygarageservices.com/wp-content/uploads/elementor/google-fonts/fonts/montserrat-b9ec831f.woff2]
[speedygarageservices.com/wp-content/uploads/elementor/google-fonts/fonts/montserrat-9210f8a7.woff2]
[speedygarageservices.com/wp-content/uploads/elementor/google-fonts/fonts/montserrat-76393105.woff2]
[speedygarageservices.com/wp-content/uploads/elementor/google-fonts/fonts/montserrat-0b130f36.woff2]
[speedygarageservices.com/wp-content/uploads/elementor/google-fonts/fonts/montserrat-2c82b901.woff2]
[speedygarageservices.com/wp-content/uploads/elementor/google-fonts/fonts/montserrat-51d963d2.woff2]
[speedygarageservices.com/wp-content/uploads/elementor/google-fonts/fonts/montserrat-1e82e2bf.woff2]
[speedygarageservices.com/wp-content/uploads/elementor/google-fonts/fonts/montserrat-49e242af.woff2]
[speedygarageservices.com/wp-content/uploads/elementor/google-fonts/css/montserrat02c4.css]
[speedygarageservices.com/wp-content/uploads/elementor/google-fonts/fonts/plusjakartasans-c7436f98.woff2]
[speedygarageservices.com/wp-content/uploads/elementor/google-fonts/fonts/plusjakartasans-b40c6c86.woff2]
[speedygarageservices.com/wp-json/oembed/1.0/embedf7c2.json]
[speedygarageservices.com/wp-content/uploads/elementor/google-fonts/fonts/plusjakartasans-19c4bd70.woff2]
[speedygarageservices.com/wp-json/oembed/1.0/embed2272]
[speedygarageservices.com/wp-content/uploads/elementor/google-fonts/fonts/plusjakartasans-a0553423.woff2]
[speedygarageservices.com/wp-content/uploads/elementor/google-fonts/fonts/plusjakartasans-cc5d1ba7.woff2]
[speedygarageservices.com/wp-json/wp/v2/pages/758.json]
[speedygarageservices.com/wp-json/oembed/1.0/embeda250.json]
[speedygarageservices.com/wp-json/oembed/1.0/embed14ee]
[speedygarageservices.com/wp-content/uploads/elementor/google-fonts/fonts/plusjakartasans-23959148.woff2]
[speedygarageservices.com/wp-content/uploads/elementor/google-fonts/fonts/plusjakartasans-5feefc79.woff2]
[speedygarageservices.com/wp-json/wp/v2/pages/775.json]
[speedygarageservices.com/wp-json/oembed/1.0/embed07e3.json]
[speedygarageservices.com/wp-json/oembed/1.0/embedbd81]
[speedygarageservices.com/wp-content/uploads/elementor/google-fonts/fonts/plusjakartasans-ac610b3c.woff2]
[speedygarageservices.com/wp-content/uploads/elementor/google-fonts/css/plusjakartasansa5b0.css]
[speedygarageservices.com/wp-json/wp/v2/pages/785.json]
[speedygarageservices.com/wp-json/wp/v2/pages/791.json]
[speedygarageservices.com/wp-content/uploads/elementor/css/post-1259ef1.css]
[speedygarageservices.com/wp-json/oembed/1.0/embedbec2.json]
[speedygarageservices.com/wp-json/oembed/1.0/embed9482]
[speedygarageservices.com/wp-content/uploads/elementor/css/post-3139ef1.css]
[speedygarageservices.com/wp-json/wp/v2/pages/800.json]
[speedygarageservices.com/wp-json/oembed/1.0/embed17a0.json]
[speedygarageservices.com/wp-json/oembed/1.0/embed30c2]
[speedygarageservices.com/wp-json/oembed/1.0/embed0ec5.json]
[speedygarageservices.com/wp-content/uploads/2024/02/bg01.jpg]
[speedygarageservices.com/wp-json/wp/v2/pages/1162.json]
[speedygarageservices.com/wp-json/oembed/1.0/embedef0f]
[speedygarageservices.com/wp-json/oembed/1.0/embed573f.json]
[speedygarageservices.com/wp-content/uploads/2024/02/why-middle-bg.jpg]
[speedygarageservices.com/wp-content/uploads/elementor/css/post-25989ea.css]
[speedygarageservices.com/wp-json/wp/v2/pages/805.json]
[speedygarageservices.com/wp-json/oembed/1.0/embed47b9]
[speedygarageservices.com/wp-json/oembed/1.0/embedf519.json]
[speedygarageservices.com/wp-content/uploads/elementor/css/post-15089ea.css]
[speedygarageservices.com/wp-json/oembed/1.0/embed4ee1]
[speedygarageservices.com/wp-content/plugins/elementor/assets/lib/swiper/v8/css/swiper.min94a4.css]
[speedygarageservices.com/wp-json/wp/v2/pages/811.json]
[speedygarageservices.com/wp-json/wp/v2/pages/816.json]
[speedygarageservices.com/wp-json/oembed/1.0/embedb5eb.json]
[speedygarageservices.com/wp-content/plugins/elementor/assets/css/conditionals/e-swiper.min9287.css]
[speedygarageservices.com/wp-json/oembed/1.0/embedcf37]
[speedygarageservices.com/wp-content/plugins/elementor-pro/assets/css/widget-testimonial-carousel.min8e60.css]
[speedygarageservices.com/wp-json/wp/v2/pages/823.json]
[speedygarageservices.com/wp-json/oembed/1.0/embedeb54.json]
[speedygarageservices.com/wp-json/oembed/1.0/embedca40]
[speedygarageservices.com/wp-content/plugins/elementor-pro/assets/css/widget-carousel-module-base.min8e60.css]
[speedygarageservices.com/wp-json/oembed/1.0/embedcfda.json]
[speedygarageservices.com/wp-content/uploads/elementor/css/post-8889ea.css]
[speedygarageservices.com/wp-json/wp/v2/pages/829.json]
[speedygarageservices.com/wp-json/oembed/1.0/embed284f]
[speedygarageservices.com/wp-json/oembed/1.0/embed5437.json]
[speedygarageservices.com/wp-content/plugins/elementor/assets/css/widget-image-carousel.min9287.css]
[speedygarageservices.com/wp-json/oembed/1.0/embed50e4]
[speedygarageservices.com/wp-json/wp/v2/pages/837.json]
[speedygarageservices.com/wp-content/plugins/jet-elements/assets/css/jet-elementsbb9d.css]
[speedygarageservices.com/wp-json/oembed/1.0/embed8923.json]
[speedygarageservices.com/wp-json/oembed/1.0/embed8de9]
[speedygarageservices.com/wp-json/wp/v2/pages/930.json]
[speedygarageservices.com/wp-content/plugins/elementskit-lite/modules/elementskit-icon-pack/assets/fonts/elementskitf60a.woff]
[speedygarageservices.com/wp-content/plugins/elementskit-lite/modules/elementskit-icon-pack/assets/css/ekiticonsf6c4.css]
[speedygarageservices.com/wp-json/oembed/1.0/embed9573.json]
[speedygarageservices.com/wp-json/wp/v2/pages/940.json]
[speedygarageservices.com/about-us/index.html]
[speedygarageservices.com/wp-json/oembed/1.0/embed6e65]
[speedygarageservices.com/wp-json/oembed/1.0/embed9f62.json]
[speedygarageservices.com/wp-json/metform/v1/entries/insert/125.json]
[speedygarageservices.com/wp-json/metform/v1/entries/insert/125.json]
[speedygarageservices.com/wp-json/wp/v2/pages/1226.json]
[speedygarageservices.com/wp-json/oembed/1.0/embedf279]
[speedygarageservices.com/wp-json/wp/v2/pages/1244.json]
[gmpg.org/xfn/default.css]
[speedygarageservices.com/wp-json/oembed/1.0/embed3f21.json]
[speedygarageservices.com/wp-content/uploads/elementor/css/post-9071de7.css]
[speedygarageservices.com/wp-json/oembed/1.0/embedd356]
[speedygarageservices.com/indexa5c3.html]
[speedygarageservices.com/wp-json/wp/v2/pages/1250.json]
[speedygarageservices.com/wp-json/oembed/1.0/embed1088.json]
[speedygarageservices.com/wp-json/oembed/1.0/embed3a59]
[speedygarageservices.com/wp-json/oembed/1.0/embed7e70.json]
[speedygarageservices.com/wp-content/uploads/2024/02/header.jpg]
[speedygarageservices.com/wp-json/wp/v2/pages/1259.json]
[speedygarageservices.com/wp-content/uploads/elementor/css/post-759c3a1.css]
[speedygarageservices.com/wp-json/oembed/1.0/embedc6b3]
[speedygarageservices.com/wp-json/oembed/1.0/embed6182.json]
[speedygarageservices.com/wp-json/oembed/1.0/embed79af]
[speedygarageservices.com/wp-json/wp/v2/pages/1266.json]
[speedygarageservices.com/wp-content/uploads/2024/03/header-1.jpg]
[speedygarageservices.com/wp-json/oembed/1.0/embed8cf2]
[speedygarageservices.com/wp-json/oembed/1.0/embed65a9.json]
[speedygarageservices.com/wp-content/uploads/2024/02/garage-door-bg.jpg]
[speedygarageservices.com/wp-content/uploads/elementor/css/post-32387e.css]
[speedygarageservices.com/wp-json/wp/v2/pages/1272.json]
[speedygarageservices.com/index6c46.html]
[speedygarageservices.com/wp-json/wp/v2/pages/1285.json]
[speedygarageservices.com/wp-json/oembed/1.0/embeda9df.json]
[speedygarageservices.com/wp-json/oembed/1.0/embedff9a]
[speedygarageservices.com/wp-json/oembed/1.0/embed48b0.json]
[speedygarageservices.com/wp-content/uploads/2024/03/header-2.jpg]
[speedygarageservices.com/wp-json/wp/v2/pages/1291.json]
[speedygarageservices.com/wp-content/uploads/elementor/css/post-298865f.css]
[speedygarageservices.com/wp-json/oembed/1.0/embed45fe.json]
[speedygarageservices.com/wp-json/oembed/1.0/embed2f1e]
[speedygarageservices.com/indexba86.html]
[speedygarageservices.com/wp-json/wp/v2/pages/1299.json]
[speedygarageservices.com/wp-json/oembed/1.0/embedcbf8]
[speedygarageservices.com/wp-json/oembed/1.0/embedf308.json]
[speedygarageservices.com/wp-json/oembed/1.0/embedf6a6]
[speedygarageservices.com/wp-content/uploads/2024/03/header-3.jpg]
[speedygarageservices.com/wp-content/uploads/elementor/css/post-3075c5c.css]
[speedygarageservices.com/wp-json/wp/v2/pages/1306.json]
[speedygarageservices.com/wp-json/oembed/1.0/embed3c1a.json]
[speedygarageservices.com/index2915.html]
[speedygarageservices.com/wp-json/wp/v2/pages/972.json]
[speedygarageservices.com/wp-json/oembed/1.0/embed33bd]
[speedygarageservices.com/wp-content/uploads/2024/03/header-5.jpg]
[speedygarageservices.com/wp-content/uploads/elementor/css/post-3376610.css]
[speedygarageservices.com/indexf6a9.html]
[speedygarageservices.com/wp-content/uploads/2024/03/header-4.jpg]
[speedygarageservices.com/wp-content/uploads/elementor/css/post-348540a.css]
[speedygarageservices.com/index2206.html]
[speedygarageservices.com/wp-content/uploads/2024/03/header-6.jpg]
[speedygarageservices.com/wp-content/uploads/elementor/css/post-362b0b6.css]
[speedygarageservices.com/indexe4db.html]
[speedygarageservices.com/wp-content/uploads/2024/03/header-7.jpg]
[speedygarageservices.com/wp-content/uploads/elementor/css/post-423540a.css]
[speedygarageservices.com/indexb351.html]
[speedygarageservices.com/wp-content/uploads/2024/03/header-8.jpg]
[speedygarageservices.com/wp-content/uploads/elementor/css/post-378b731.css]
[speedygarageservices.com/indexe8d3.html]
[speedygarageservices.com/wp-content/uploads/elementor/css/post-71031e5.css]
[speedygarageservices.com/index37c3.html]
[speedygarageservices.com/wp-content/uploads/elementor/css/post-758b076.css]
[speedygarageservices.com/indexd4c3.html]
[speedygarageservices.com/wp-content/uploads/2024/02/father-sons-logo.html]
[speedygarageservices.com/wp-content/uploads/elementor/css/post-7753041.css]
[speedygarageservices.com/index6289.html]
[speedygarageservices.com/wp-content/uploads/elementor/css/post-785de24.css]
[speedygarageservices.com/index6996.html]
[speedygarageservices.com/wp-content/uploads/elementor/css/post-791993b.css]
[speedygarageservices.com/index106b.html]
[speedygarageservices.com/wp-content/uploads/elementor/css/post-800cff9.css]
[speedygarageservices.com/indexcb2d.html]
[speedygarageservices.com/wp-content/uploads/elementor/css/post-11629b07.css]
[speedygarageservices.com/index7065.html]
[speedygarageservices.com/wp-content/uploads/elementor/css/post-8057af7.css]
[speedygarageservices.com/index028e.html]
[speedygarageservices.com/wp-content/uploads/elementor/css/post-811294d.css]
[speedygarageservices.com/index2ec5.html]
[speedygarageservices.com/wp-content/uploads/elementor/css/post-816c3a1.css]
[speedygarageservices.com/indexe5c7.html]
[speedygarageservices.com/wp-content/uploads/elementor/css/post-823a0e9.css]
[speedygarageservices.com/index3239.html]
[speedygarageservices.com/wp-content/uploads/elementor/css/post-829ac85.css]
[speedygarageservices.com/indexf9af.html]
[speedygarageservices.com/wp-content/uploads/elementor/css/post-8374177.css]
[speedygarageservices.com/index0c04.html]
[speedygarageservices.com/wp-content/uploads/elementor/css/post-9305474.css]
[speedygarageservices.com/index3177.html]
[speedygarageservices.com/repairs/index.html]
[speedygarageservices.com/wp-content/uploads/elementor/css/post-94039ab.css]
[speedygarageservices.com/indexb253.html]
[speedygarageservices.com/wp-content/uploads/2024/02/background.jpg]
[speedygarageservices.com/wp-content/uploads/elementor/css/post-12269a4a.css]
[speedygarageservices.com/indexa5f9.html]
[speedygarageservices.com/wp-content/uploads/elementor/css/post-1244483c.css]
[speedygarageservices.com/index7c4a.html]
[speedygarageservices.com/wp-content/uploads/elementor/css/post-12505511.css]
[speedygarageservices.com/indexbbee.html]
[speedygarageservices.com/wp-content/uploads/elementor/css/post-1259348a.css]
[speedygarageservices.com/index3e59.html]
[speedygarageservices.com/wp-content/uploads/elementor/css/post-126647ae.css]
[speedygarageservices.com/index80a2.html]
[speedygarageservices.com/wp-content/uploads/elementor/css/post-1272ae4c.css]
[speedygarageservices.com/index0916.html]
[speedygarageservices.com/wp-content/uploads/elementor/css/post-1285d716.css]
[speedygarageservices.com/index78a2.html]
[speedygarageservices.com/wp-content/uploads/elementor/css/post-12916610.css]
[speedygarageservices.com/index3c2a.html]
[speedygarageservices.com/wp-content/uploads/elementor/css/post-1299ac85.css]
[speedygarageservices.com/indexd201.html]
[speedygarageservices.com/wp-content/uploads/elementor/css/post-1306ded7.css]
[speedygarageservices.com/indexc474.html]
[speedygarageservices.com/wp-content/uploads/elementor/css/post-972c42f.css]
[speedygarageservices.com/indexf843.html]
[speedygarageservices.com/wp-content/plugins/elementor/assets/lib/font-awesome/webfonts/fa-brands-400.svg]
[speedygarageservices.com/wp-content/plugins/elementor/assets/lib/font-awesome/webfonts/fa-regular-400.svg]
[speedygarageservices.com/wp-content/plugins/elementor/assets/lib/font-awesome/webfonts/fa-solid-900.svg]
[speedygarageservices.com/wp-content/plugins/happy-elementor-addons/assets/fonts/happy-icons.svg]
[speedygarageservices.com/wp-content/plugins/elementor/assets/lib/font-awesome/fonts/fontawesome-webfont3e6e.svg]
[speedygarageservices.com/wp-content/plugins/elementskit-lite/widgets/init/assets/img/cross-out.svg]
[speedygarageservices.com/wp-content/plugins/happy-elementor-addons/assets/vendor/slick/fonts/slick.svg]
[code.tidio.co_443/sfbdysn97c8iuasdqk7arvefcsnjx6ev.js]
